mode: set
github.com/hiko1129/gitcon/usecase/fetch_today_contribution_count.go:27.148,29.2 1 1
github.com/hiko1129/gitcon/usecase/fetch_today_contribution_count.go:32.92,35.16 3 1
github.com/hiko1129/gitcon/usecase/fetch_today_contribution_count.go:38.2,39.16 2 1
github.com/hiko1129/gitcon/usecase/fetch_today_contribution_count.go:43.2,44.16 2 1
github.com/hiko1129/gitcon/usecase/fetch_today_contribution_count.go:35.16,37.3 1 0
github.com/hiko1129/gitcon/usecase/fetch_today_contribution_count.go:39.16,41.3 1 1
github.com/hiko1129/gitcon/usecase/fetch_total_contribution_count.go:25.148,27.2 1 1
github.com/hiko1129/gitcon/usecase/fetch_total_contribution_count.go:30.92,33.16 3 1
github.com/hiko1129/gitcon/usecase/fetch_total_contribution_count.go:37.2,38.45 2 1
github.com/hiko1129/gitcon/usecase/fetch_total_contribution_count.go:41.2,43.16 2 1
github.com/hiko1129/gitcon/usecase/fetch_total_contribution_count.go:33.16,35.3 1 1
github.com/hiko1129/gitcon/usecase/fetch_total_contribution_count.go:38.45,40.3 1 1
github.com/hiko1129/gitcon/usecase/fetch_contribution_count.go:28.153,30.2 1 1
github.com/hiko1129/gitcon/usecase/fetch_contribution_count.go:33.82,36.16 3 1
github.com/hiko1129/gitcon/usecase/fetch_contribution_count.go:40.2,40.67 1 1
github.com/hiko1129/gitcon/usecase/fetch_contribution_count.go:45.2,45.48 1 1
github.com/hiko1129/gitcon/usecase/fetch_contribution_count.go:36.16,38.3 1 1
github.com/hiko1129/gitcon/usecase/fetch_contribution_count.go:40.67,43.3 2 1
github.com/hiko1129/gitcon/usecase/fetch_contributions.go:25.121,27.2 1 1
github.com/hiko1129/gitcon/usecase/fetch_contributions.go:30.74,33.16 3 1
github.com/hiko1129/gitcon/usecase/fetch_contributions.go:37.2,39.16 2 1
github.com/hiko1129/gitcon/usecase/fetch_contributions.go:33.16,35.3 1 1
github.com/hiko1129/gitcon/gitcon/client.go:16.44,18.2 1 1
github.com/hiko1129/gitcon/gitcon/client.go:21.61,24.16 3 0
github.com/hiko1129/gitcon/gitcon/client.go:27.2,28.16 2 0
github.com/hiko1129/gitcon/gitcon/client.go:31.2,32.16 2 0
github.com/hiko1129/gitcon/gitcon/client.go:36.2,36.30 1 0
github.com/hiko1129/gitcon/gitcon/client.go:24.16,26.3 1 0
github.com/hiko1129/gitcon/gitcon/client.go:28.16,30.3 1 0
github.com/hiko1129/gitcon/gitcon/client.go:32.16,34.3 1 0
github.com/hiko1129/gitcon/gitcon/client.go:40.74,43.16 3 1
github.com/hiko1129/gitcon/gitcon/client.go:46.2,47.16 2 1
github.com/hiko1129/gitcon/gitcon/client.go:50.2,51.16 2 1
github.com/hiko1129/gitcon/gitcon/client.go:55.2,55.30 1 1
github.com/hiko1129/gitcon/gitcon/client.go:43.16,45.3 1 0
github.com/hiko1129/gitcon/gitcon/client.go:47.16,49.3 1 0
github.com/hiko1129/gitcon/gitcon/client.go:51.16,53.3 1 0
github.com/hiko1129/gitcon/gitcon/client.go:59.63,63.16 4 1
github.com/hiko1129/gitcon/gitcon/client.go:66.2,67.16 2 1
github.com/hiko1129/gitcon/gitcon/client.go:70.2,71.16 2 1
github.com/hiko1129/gitcon/gitcon/client.go:75.2,75.31 1 1
github.com/hiko1129/gitcon/gitcon/client.go:63.16,65.3 1 0
github.com/hiko1129/gitcon/gitcon/client.go:67.16,69.3 1 0
github.com/hiko1129/gitcon/gitcon/client.go:71.16,73.3 1 0
github.com/hiko1129/gitcon/gitcon/client.go:79.61,82.16 3 1
github.com/hiko1129/gitcon/gitcon/client.go:85.2,86.16 2 1
github.com/hiko1129/gitcon/gitcon/client.go:89.2,90.16 2 1
github.com/hiko1129/gitcon/gitcon/client.go:94.2,94.30 1 1
github.com/hiko1129/gitcon/gitcon/client.go:82.16,84.3 1 0
github.com/hiko1129/gitcon/gitcon/client.go:86.16,88.3 1 0
github.com/hiko1129/gitcon/gitcon/client.go:90.16,92.3 1 0
github.com/hiko1129/gitcon/adapter/gateway/contribution_client.go:20.61,22.2 1 1
github.com/hiko1129/gitcon/adapter/gateway/contribution_client.go:29.91,30.25 1 1
github.com/hiko1129/gitcon/adapter/gateway/contribution_client.go:34.2,36.16 3 1
github.com/hiko1129/gitcon/adapter/gateway/contribution_client.go:39.2,40.27 2 1
github.com/hiko1129/gitcon/adapter/gateway/contribution_client.go:44.2,45.16 2 1
github.com/hiko1129/gitcon/adapter/gateway/contribution_client.go:49.2,50.97 2 1
github.com/hiko1129/gitcon/adapter/gateway/contribution_client.go:69.2,70.27 2 1
github.com/hiko1129/gitcon/adapter/gateway/contribution_client.go:30.25,32.3 1 1
github.com/hiko1129/gitcon/adapter/gateway/contribution_client.go:36.16,38.3 1 1
github.com/hiko1129/gitcon/adapter/gateway/contribution_client.go:40.27,42.3 1 1
github.com/hiko1129/gitcon/adapter/gateway/contribution_client.go:45.16,47.3 1 0
github.com/hiko1129/gitcon/adapter/gateway/contribution_client.go:50.97,51.25 1 1
github.com/hiko1129/gitcon/adapter/gateway/contribution_client.go:51.25,52.56 1 1
github.com/hiko1129/gitcon/adapter/gateway/contribution_client.go:52.56,54.12 2 1
github.com/hiko1129/gitcon/adapter/gateway/contribution_client.go:57.5,58.12 2 1
github.com/hiko1129/gitcon/adapter/gateway/contribution_client.go:61.5,62.28 2 1
github.com/hiko1129/gitcon/adapter/gateway/contribution_client.go:54.12,56.6 1 0
github.com/hiko1129/gitcon/adapter/gateway/contribution_client.go:58.12,60.6 1 0
github.com/hiko1129/gitcon/adapter/gateway/contribution_client.go:64.4,66.4 1 0
github.com/hiko1129/gitcon/adapter/gateway/contribution_client.go:73.61,76.2 2 1
github.com/hiko1129/gitcon/adapter/gateway/contribution_client.go:78.86,79.28 1 1
github.com/hiko1129/gitcon/adapter/gateway/contribution_client.go:83.2,83.43 1 0
github.com/hiko1129/gitcon/adapter/gateway/contribution_client.go:79.28,82.3 2 1
github.com/hiko1129/gitcon/adapter/gateway/contribution_client.go:86.85,88.2 1 1
